{"C:\\Users\\lingc\\Documents\\FullstackProjects\\EnergySimulatorProject\\Web\\src\\api\\projects.js": {"path":"C:\\Users\\lingc\\Documents\\FullstackProjects\\EnergySimulatorProject\\Web\\src\\api\\projects.js","statementMap":{"0":{"start":{"line":4,"column":17},"end":{"line":4,"column":28}},"1":{"start":{"line":6,"column":20},"end":{"line":6,"column":63}},"2":{"start":{"line":6,"column":31},"end":{"line":6,"column":62}},"3":{"start":{"line":7,"column":17},"end":{"line":9,"column":1}},"4":{"start":{"line":8,"column":2},"end":{"line":8,"column":32}},"5":{"start":{"line":12,"column":2},"end":{"line":18,"column":3}},"6":{"start":{"line":13,"column":21},"end":{"line":13,"column":44}},"7":{"start":{"line":14,"column":4},"end":{"line":14,"column":29}},"8":{"start":{"line":16,"column":4},"end":{"line":16,"column":51}},"9":{"start":{"line":17,"column":4},"end":{"line":17,"column":14}},"10":{"start":{"line":22,"column":2},"end":{"line":28,"column":3}},"11":{"start":{"line":23,"column":21},"end":{"line":23,"column":55}},"12":{"start":{"line":24,"column":4},"end":{"line":24,"column":16}},"13":{"start":{"line":26,"column":4},"end":{"line":26,"column":52}},"14":{"start":{"line":27,"column":4},"end":{"line":27,"column":16}},"15":{"start":{"line":32,"column":2},"end":{"line":38,"column":3}},"16":{"start":{"line":33,"column":21},"end":{"line":33,"column":58}},"17":{"start":{"line":34,"column":4},"end":{"line":34,"column":16}},"18":{"start":{"line":36,"column":4},"end":{"line":36,"column":46}},"19":{"start":{"line":37,"column":4},"end":{"line":37,"column":16}},"20":{"start":{"line":42,"column":2},"end":{"line":48,"column":3}},"21":{"start":{"line":43,"column":4},"end":{"line":43,"column":42}},"22":{"start":{"line":44,"column":4},"end":{"line":44,"column":16}},"23":{"start":{"line":46,"column":4},"end":{"line":46,"column":49}},"24":{"start":{"line":47,"column":4},"end":{"line":47,"column":16}},"25":{"start":{"line":52,"column":2},"end":{"line":54,"column":3}},"26":{"start":{"line":53,"column":4},"end":{"line":53,"column":52}},"27":{"start":{"line":55,"column":2},"end":{"line":61,"column":3}},"28":{"start":{"line":56,"column":21},"end":{"line":56,"column":68}},"29":{"start":{"line":57,"column":4},"end":{"line":57,"column":16}},"30":{"start":{"line":59,"column":4},"end":{"line":59,"column":54}},"31":{"start":{"line":60,"column":4},"end":{"line":60,"column":16}}},"fnMap":{"0":{"name":"(anonymous_0)","decl":{"start":{"line":6,"column":20},"end":{"line":6,"column":21}},"loc":{"start":{"line":6,"column":31},"end":{"line":6,"column":62}},"line":6},"1":{"name":"(anonymous_1)","decl":{"start":{"line":7,"column":17},"end":{"line":7,"column":18}},"loc":{"start":{"line":7,"column":37},"end":{"line":9,"column":1}},"line":7},"2":{"name":"getAllProjects","decl":{"start":{"line":11,"column":22},"end":{"line":11,"column":36}},"loc":{"start":{"line":11,"column":39},"end":{"line":19,"column":1}},"line":11},"3":{"name":"getProjectById","decl":{"start":{"line":21,"column":22},"end":{"line":21,"column":36}},"loc":{"start":{"line":21,"column":41},"end":{"line":29,"column":1}},"line":21},"4":{"name":"createProject","decl":{"start":{"line":31,"column":22},"end":{"line":31,"column":35}},"loc":{"start":{"line":31,"column":54},"end":{"line":39,"column":1}},"line":31},"5":{"name":"deleteProject","decl":{"start":{"line":41,"column":22},"end":{"line":41,"column":35}},"loc":{"start":{"line":41,"column":40},"end":{"line":49,"column":1}},"line":41},"6":{"name":"updateProject","decl":{"start":{"line":51,"column":22},"end":{"line":51,"column":35}},"loc":{"start":{"line":51,"column":58},"end":{"line":62,"column":1}},"line":51}},"branchMap":{"0":{"loc":{"start":{"line":6,"column":31},"end":{"line":6,"column":62}},"type":"cond-expr","locations":[{"start":{"line":6,"column":53},"end":{"line":6,"column":57}},{"start":{"line":6,"column":60},"end":{"line":6,"column":62}}],"line":6},"1":{"loc":{"start":{"line":31,"column":36},"end":{"line":31,"column":52}},"type":"default-arg","locations":[{"start":{"line":31,"column":50},"end":{"line":31,"column":52}}],"line":31},"2":{"loc":{"start":{"line":51,"column":40},"end":{"line":51,"column":56}},"type":"default-arg","locations":[{"start":{"line":51,"column":54},"end":{"line":51,"column":56}}],"line":51},"3":{"loc":{"start":{"line":52,"column":2},"end":{"line":54,"column":3}},"type":"if","locations":[{"start":{"line":52,"column":2},"end":{"line":54,"column":3}},{"start":{},"end":{}}],"line":52}},"s":{"0":2,"1":2,"2":0,"3":2,"4":2,"5":1,"6":1,"7":0,"8":1,"9":1,"10":0,"11":0,"12":0,"13":0,"14":0,"15":0,"16":0,"17":0,"18":0,"19":0,"20":0,"21":0,"22":0,"23":0,"24":0,"25":3,"26":1,"27":2,"28":2,"29":1,"30":1,"31":1},"f":{"0":0,"1":2,"2":1,"3":0,"4":0,"5":0,"6":3},"b":{"0":[0,0],"1":[0],"2":[3],"3":[1,2]},"meta":{"lastBranch":4,"lastFunction":7,"lastStatement":32,"seen":{"s:4:17:4:28":0,"s:6:20:6:63":1,"f:6:20:6:21":0,"s:6:31:6:62":2,"b:6:53:6:57:6:60:6:62":0,"s:7:17:9:1":3,"f:7:17:7:18":1,"s:8:2:8:32":4,"f:11:22:11:36":2,"s:12:2:18:3":5,"s:13:21:13:44":6,"s:14:4:14:29":7,"s:16:4:16:51":8,"s:17:4:17:14":9,"f:21:22:21:36":3,"s:22:2:28:3":10,"s:23:21:23:55":11,"s:24:4:24:16":12,"s:26:4:26:52":13,"s:27:4:27:16":14,"f:31:22:31:35":4,"b:31:50:31:52":1,"s:32:2:38:3":15,"s:33:21:33:58":16,"s:34:4:34:16":17,"s:36:4:36:46":18,"s:37:4:37:16":19,"f:41:22:41:35":5,"s:42:2:48:3":20,"s:43:4:43:42":21,"s:44:4:44:16":22,"s:46:4:46:49":23,"s:47:4:47:16":24,"f:51:22:51:35":6,"b:51:54:51:56":2,"b:52:2:54:3:undefined:undefined:undefined:undefined":3,"s:52:2:54:3":25,"s:53:4:53:52":26,"s:55:2:61:3":27,"s:56:21:56:68":28,"s:57:4:57:16":29,"s:59:4:59:54":30,"s:60:4:60:16":31}}}
,"C:\\Users\\lingc\\Documents\\FullstackProjects\\EnergySimulatorProject\\Web\\src\\api\\receiverApi.js": {"path":"C:\\Users\\lingc\\Documents\\FullstackProjects\\EnergySimulatorProject\\Web\\src\\api\\receiverApi.js","statementMap":{"0":{"start":{"line":4,"column":17},"end":{"line":4,"column":36}},"1":{"start":{"line":6,"column":20},"end":{"line":9,"column":1}},"2":{"start":{"line":7,"column":2},"end":{"line":7,"column":40}},"3":{"start":{"line":8,"column":2},"end":{"line":8,"column":68}},"4":{"start":{"line":11,"column":27},"end":{"line":46,"column":1}},"5":{"start":{"line":13,"column":4},"end":{"line":18,"column":5}},"6":{"start":{"line":14,"column":23},"end":{"line":14,"column":46}},"7":{"start":{"line":15,"column":6},"end":{"line":15,"column":18}},"8":{"start":{"line":17,"column":6},"end":{"line":17,"column":54}},"9":{"start":{"line":22,"column":4},"end":{"line":27,"column":5}},"10":{"start":{"line":23,"column":23},"end":{"line":23,"column":53}},"11":{"start":{"line":24,"column":6},"end":{"line":24,"column":27}},"12":{"start":{"line":26,"column":6},"end":{"line":26,"column":43}},"13":{"start":{"line":31,"column":4},"end":{"line":36,"column":5}},"14":{"start":{"line":32,"column":23},"end":{"line":32,"column":63}},"15":{"start":{"line":33,"column":6},"end":{"line":33,"column":27}},"16":{"start":{"line":35,"column":6},"end":{"line":35,"column":48}},"17":{"start":{"line":40,"column":4},"end":{"line":44,"column":5}},"18":{"start":{"line":41,"column":6},"end":{"line":41,"column":44}},"19":{"start":{"line":43,"column":6},"end":{"line":43,"column":46}}},"fnMap":{"0":{"name":"(anonymous_0)","decl":{"start":{"line":6,"column":20},"end":{"line":6,"column":21}},"loc":{"start":{"line":6,"column":48},"end":{"line":9,"column":1}},"line":6},"1":{"name":"(anonymous_1)","decl":{"start":{"line":12,"column":10},"end":{"line":12,"column":15}},"loc":{"start":{"line":12,"column":22},"end":{"line":19,"column":3}},"line":12},"2":{"name":"(anonymous_2)","decl":{"start":{"line":21,"column":10},"end":{"line":21,"column":15}},"loc":{"start":{"line":21,"column":26},"end":{"line":28,"column":3}},"line":21},"3":{"name":"(anonymous_3)","decl":{"start":{"line":30,"column":10},"end":{"line":30,"column":15}},"loc":{"start":{"line":30,"column":30},"end":{"line":37,"column":3}},"line":30},"4":{"name":"(anonymous_4)","decl":{"start":{"line":39,"column":10},"end":{"line":39,"column":15}},"loc":{"start":{"line":39,"column":24},"end":{"line":45,"column":3}},"line":39}},"branchMap":{"0":{"loc":{"start":{"line":8,"column":18},"end":{"line":8,"column":66}},"type":"binary-expr","locations":[{"start":{"line":8,"column":18},"end":{"line":8,"column":47}},{"start":{"line":8,"column":51},"end":{"line":8,"column":66}}],"line":8}},"s":{"0":1,"1":1,"2":1,"3":1,"4":1,"5":0,"6":0,"7":0,"8":0,"9":1,"10":1,"11":0,"12":1,"13":0,"14":0,"15":0,"16":0,"17":0,"18":0,"19":0},"f":{"0":1,"1":0,"2":1,"3":0,"4":0},"b":{"0":[1,0]},"meta":{"lastBranch":1,"lastFunction":5,"lastStatement":20,"seen":{"s:4:17:4:36":0,"s:6:20:9:1":1,"f:6:20:6:21":0,"s:7:2:7:40":2,"s:8:2:8:68":3,"b:8:18:8:47:8:51:8:66":0,"s:11:27:46:1":4,"f:12:10:12:15":1,"s:13:4:18:5":5,"s:14:23:14:46":6,"s:15:6:15:18":7,"s:17:6:17:54":8,"f:21:10:21:15":2,"s:22:4:27:5":9,"s:23:23:23:53":10,"s:24:6:24:27":11,"s:26:6:26:43":12,"f:30:10:30:15":3,"s:31:4:36:5":13,"s:32:23:32:63":14,"s:33:6:33:27":15,"s:35:6:35:48":16,"f:39:10:39:15":4,"s:40:4:44:5":17,"s:41:6:41:44":18,"s:43:6:43:46":19}}}
,"C:\\Users\\lingc\\Documents\\FullstackProjects\\EnergySimulatorProject\\Web\\src\\components\\adminComponents\\formReceiver\\FormReceiver.css": {"path":"C:\\Users\\lingc\\Documents\\FullstackProjects\\EnergySimulatorProject\\Web\\src\\components\\adminComponents\\formReceiver\\FormReceiver.css","statementMap":{},"fnMap":{},"branchMap":{},"s":{},"f":{},"b":{},"meta":{"lastBranch":0,"lastFunction":0,"lastStatement":0,"seen":{}}}
,"C:\\Users\\lingc\\Documents\\FullstackProjects\\EnergySimulatorProject\\Web\\src\\components\\adminComponents\\formReceiver\\FormReceiver.jsx": {"path":"C:\\Users\\lingc\\Documents\\FullstackProjects\\EnergySimulatorProject\\Web\\src\\components\\adminComponents\\formReceiver\\FormReceiver.jsx","statementMap":{"0":{"start":{"line":5,"column":26},"end":{"line":5,"column":null}},"1":{"start":{"line":6,"column":28},"end":{"line":6,"column":null}},"2":{"start":{"line":7,"column":16},"end":{"line":7,"column":null}},"3":{"start":{"line":8,"column":16},"end":{"line":8,"column":null}},"4":{"start":{"line":10,"column":2},"end":{"line":22,"column":null}},"5":{"start":{"line":11,"column":4},"end":{"line":21,"column":null}},"6":{"start":{"line":12,"column":6},"end":{"line":12,"column":null}},"7":{"start":{"line":13,"column":6},"end":{"line":13,"column":null}},"8":{"start":{"line":14,"column":6},"end":{"line":14,"column":null}},"9":{"start":{"line":15,"column":6},"end":{"line":15,"column":null}},"10":{"start":{"line":17,"column":6},"end":{"line":17,"column":null}},"11":{"start":{"line":18,"column":6},"end":{"line":18,"column":null}},"12":{"start":{"line":19,"column":6},"end":{"line":19,"column":null}},"13":{"start":{"line":20,"column":6},"end":{"line":20,"column":null}},"14":{"start":{"line":24,"column":23},"end":{"line":33,"column":null}},"15":{"start":{"line":25,"column":4},"end":{"line":25,"column":null}},"16":{"start":{"line":26,"column":17},"end":{"line":31,"column":null}},"17":{"start":{"line":32,"column":4},"end":{"line":32,"column":null}},"18":{"start":{"line":35,"column":2},"end":{"line":127,"column":null}},"19":{"start":{"line":54,"column":31},"end":{"line":54,"column":null}},"20":{"start":{"line":57,"column":16},"end":{"line":59,"column":null}},"21":{"start":{"line":61,"column":30},"end":{"line":61,"column":null}},"22":{"start":{"line":71,"column":31},"end":{"line":71,"column":null}},"23":{"start":{"line":74,"column":16},"end":{"line":76,"column":null}},"24":{"start":{"line":78,"column":30},"end":{"line":78,"column":null}},"25":{"start":{"line":92,"column":35},"end":{"line":92,"column":null}},"26":{"start":{"line":103,"column":35},"end":{"line":103,"column":null}}},"fnMap":{"0":{"name":"FormReceiver","decl":{"start":{"line":4,"column":24},"end":{"line":4,"column":37}},"loc":{"start":{"line":4,"column":75},"end":{"line":129,"column":null}},"line":4},"1":{"name":"(anonymous_1)","decl":{"start":{"line":10,"column":12},"end":{"line":10,"column":18}},"loc":{"start":{"line":10,"column":18},"end":{"line":22,"column":5}},"line":10},"2":{"name":"(anonymous_2)","decl":{"start":{"line":24,"column":23},"end":{"line":24,"column":24}},"loc":{"start":{"line":24,"column":30},"end":{"line":33,"column":null}},"line":24},"3":{"name":"(anonymous_3)","decl":{"start":{"line":54,"column":24},"end":{"line":54,"column":25}},"loc":{"start":{"line":54,"column":31},"end":{"line":54,"column":null}},"line":54},"4":{"name":"(anonymous_4)","decl":{"start":{"line":56,"column":25},"end":{"line":56,"column":26}},"loc":{"start":{"line":57,"column":16},"end":{"line":59,"column":null}},"line":57},"5":{"name":"(anonymous_5)","decl":{"start":{"line":61,"column":23},"end":{"line":61,"column":24}},"loc":{"start":{"line":61,"column":30},"end":{"line":61,"column":null}},"line":61},"6":{"name":"(anonymous_6)","decl":{"start":{"line":71,"column":24},"end":{"line":71,"column":25}},"loc":{"start":{"line":71,"column":31},"end":{"line":71,"column":null}},"line":71},"7":{"name":"(anonymous_7)","decl":{"start":{"line":73,"column":25},"end":{"line":73,"column":26}},"loc":{"start":{"line":74,"column":16},"end":{"line":76,"column":null}},"line":74},"8":{"name":"(anonymous_8)","decl":{"start":{"line":78,"column":23},"end":{"line":78,"column":24}},"loc":{"start":{"line":78,"column":30},"end":{"line":78,"column":null}},"line":78},"9":{"name":"(anonymous_9)","decl":{"start":{"line":92,"column":28},"end":{"line":92,"column":29}},"loc":{"start":{"line":92,"column":35},"end":{"line":92,"column":null}},"line":92},"10":{"name":"(anonymous_10)","decl":{"start":{"line":103,"column":28},"end":{"line":103,"column":29}},"loc":{"start":{"line":103,"column":35},"end":{"line":103,"column":null}},"line":103}},"branchMap":{"0":{"loc":{"start":{"line":11,"column":4},"end":{"line":21,"column":null}},"type":"if","locations":[{"start":{"line":11,"column":4},"end":{"line":21,"column":null}},{"start":{"line":16,"column":11},"end":{"line":21,"column":null}}],"line":11},"1":{"loc":{"start":{"line":12,"column":16},"end":{"line":12,"column":41}},"type":"binary-expr","locations":[{"start":{"line":12,"column":16},"end":{"line":12,"column":39}},{"start":{"line":12,"column":39},"end":{"line":12,"column":41}}],"line":12},"2":{"loc":{"start":{"line":13,"column":17},"end":{"line":13,"column":54}},"type":"binary-expr","locations":[{"start":{"line":13,"column":17},"end":{"line":13,"column":52}},{"start":{"line":13,"column":52},"end":{"line":13,"column":54}}],"line":13},"3":{"loc":{"start":{"line":14,"column":11},"end":{"line":14,"column":33}},"type":"binary-expr","locations":[{"start":{"line":14,"column":11},"end":{"line":14,"column":31}},{"start":{"line":14,"column":31},"end":{"line":14,"column":33}}],"line":14},"4":{"loc":{"start":{"line":15,"column":11},"end":{"line":15,"column":33}},"type":"binary-expr","locations":[{"start":{"line":15,"column":11},"end":{"line":15,"column":31}},{"start":{"line":15,"column":31},"end":{"line":15,"column":33}}],"line":15},"5":{"loc":{"start":{"line":28,"column":24},"end":{"line":28,"column":null}},"type":"binary-expr","locations":[{"start":{"line":28,"column":24},"end":{"line":28,"column":47}},{"start":{"line":28,"column":47},"end":{"line":28,"column":null}}],"line":28},"6":{"loc":{"start":{"line":29,"column":9},"end":{"line":29,"column":null}},"type":"binary-expr","locations":[{"start":{"line":29,"column":9},"end":{"line":29,"column":26}},{"start":{"line":29,"column":26},"end":{"line":29,"column":null}}],"line":29},"7":{"loc":{"start":{"line":30,"column":9},"end":{"line":30,"column":null}},"type":"binary-expr","locations":[{"start":{"line":30,"column":9},"end":{"line":30,"column":26}},{"start":{"line":30,"column":26},"end":{"line":30,"column":null}}],"line":30},"8":{"loc":{"start":{"line":32,"column":11},"end":{"line":32,"column":69}},"type":"cond-expr","locations":[{"start":{"line":32,"column":28},"end":{"line":32,"column":65}},{"start":{"line":32,"column":65},"end":{"line":32,"column":69}}],"line":32},"9":{"loc":{"start":{"line":39,"column":11},"end":{"line":39,"column":null}},"type":"cond-expr","locations":[{"start":{"line":39,"column":28},"end":{"line":39,"column":48}},{"start":{"line":39,"column":48},"end":{"line":39,"column":null}}],"line":39},"10":{"loc":{"start":{"line":42,"column":11},"end":{"line":44,"column":null}},"type":"cond-expr","locations":[{"start":{"line":43,"column":14},"end":{"line":43,"column":null}},{"start":{"line":44,"column":14},"end":{"line":44,"column":null}}],"line":42}},"s":{"0":6,"1":6,"2":6,"3":6,"4":6,"5":1,"6":1,"7":1,"8":1,"9":1,"10":0,"11":0,"12":0,"13":0,"14":6,"15":1,"16":1,"17":1,"18":6,"19":1,"20":0,"21":0,"22":1,"23":0,"24":0,"25":1,"26":1},"f":{"0":6,"1":1,"2":1,"3":1,"4":0,"5":0,"6":1,"7":0,"8":0,"9":1,"10":1},"b":{"0":[1,0],"1":[1,0],"2":[1,0],"3":[1,0],"4":[1,0],"5":[1,0],"6":[1,0],"7":[1,0],"8":[1,0],"9":[6,0],"10":[6,0]},"meta":{"lastBranch":11,"lastFunction":11,"lastStatement":27,"seen":{"f:4:24:4:37":0,"s:5:26:5:Infinity":0,"s:6:28:6:Infinity":1,"s:7:16:7:Infinity":2,"s:8:16:8:Infinity":3,"s:10:2:22:Infinity":4,"f:10:12:10:18":1,"b:11:4:21:Infinity:16:11:21:Infinity":0,"s:11:4:21:Infinity":5,"s:12:6:12:Infinity":6,"b:12:16:12:39:12:39:12:41":1,"s:13:6:13:Infinity":7,"b:13:17:13:52:13:52:13:54":2,"s:14:6:14:Infinity":8,"b:14:11:14:31:14:31:14:33":3,"s:15:6:15:Infinity":9,"b:15:11:15:31:15:31:15:33":4,"s:17:6:17:Infinity":10,"s:18:6:18:Infinity":11,"s:19:6:19:Infinity":12,"s:20:6:20:Infinity":13,"s:24:23:33:Infinity":14,"f:24:23:24:24":2,"s:25:4:25:Infinity":15,"s:26:17:31:Infinity":16,"b:28:24:28:47:28:47:28:Infinity":5,"b:29:9:29:26:29:26:29:Infinity":6,"b:30:9:30:26:30:26:30:Infinity":7,"s:32:4:32:Infinity":17,"b:32:28:32:65:32:65:32:69":8,"s:35:2:127:Infinity":18,"b:39:28:39:48:39:48:39:Infinity":9,"b:43:14:43:Infinity:44:14:44:Infinity":10,"f:54:24:54:25":3,"s:54:31:54:Infinity":19,"f:56:25:56:26":4,"s:57:16:59:Infinity":20,"f:61:23:61:24":5,"s:61:30:61:Infinity":21,"f:71:24:71:25":6,"s:71:31:71:Infinity":22,"f:73:25:73:26":7,"s:74:16:76:Infinity":23,"f:78:23:78:24":8,"s:78:30:78:Infinity":24,"f:92:28:92:29":9,"s:92:35:92:Infinity":25,"f:103:28:103:29":10,"s:103:35:103:Infinity":26}}}
,"C:\\Users\\lingc\\Documents\\FullstackProjects\\EnergySimulatorProject\\Web\\src\\components\\privateRoute\\PrivateRoute.jsx": {"path":"C:\\Users\\lingc\\Documents\\FullstackProjects\\EnergySimulatorProject\\Web\\src\\components\\privateRoute\\PrivateRoute.jsx","statementMap":{"0":{"start":{"line":5,"column":24},"end":{"line":5,"column":null}},"1":{"start":{"line":7,"column":2},"end":{"line":7,"column":null}},"2":{"start":{"line":7,"column":15},"end":{"line":7,"column":null}},"3":{"start":{"line":10,"column":2},"end":{"line":12,"column":null}},"4":{"start":{"line":11,"column":4},"end":{"line":11,"column":null}},"5":{"start":{"line":14,"column":2},"end":{"line":16,"column":null}},"6":{"start":{"line":15,"column":4},"end":{"line":15,"column":null}},"7":{"start":{"line":17,"column":2},"end":{"line":17,"column":null}}},"fnMap":{"0":{"name":"PrivateRoute","decl":{"start":{"line":4,"column":24},"end":{"line":4,"column":37}},"loc":{"start":{"line":4,"column":57},"end":{"line":18,"column":null}},"line":4}},"branchMap":{"0":{"loc":{"start":{"line":7,"column":2},"end":{"line":7,"column":null}},"type":"if","locations":[{"start":{"line":7,"column":2},"end":{"line":7,"column":null}},{"start":{},"end":{}}],"line":7},"1":{"loc":{"start":{"line":10,"column":2},"end":{"line":12,"column":null}},"type":"if","locations":[{"start":{"line":10,"column":2},"end":{"line":12,"column":null}},{"start":{},"end":{}}],"line":10},"2":{"loc":{"start":{"line":14,"column":2},"end":{"line":16,"column":null}},"type":"if","locations":[{"start":{"line":14,"column":2},"end":{"line":16,"column":null}},{"start":{},"end":{}}],"line":14},"3":{"loc":{"start":{"line":14,"column":6},"end":{"line":14,"column":34}},"type":"binary-expr","locations":[{"start":{"line":14,"column":6},"end":{"line":14,"column":14}},{"start":{"line":14,"column":14},"end":{"line":14,"column":34}}],"line":14}},"s":{"0":4,"1":4,"2":1,"3":3,"4":1,"5":2,"6":1,"7":1},"f":{"0":4},"b":{"0":[1,3],"1":[1,2],"2":[1,1],"3":[2,1]},"meta":{"lastBranch":4,"lastFunction":1,"lastStatement":8,"seen":{"f:4:24:4:37":0,"s:5:24:5:Infinity":0,"b:7:2:7:Infinity:undefined:undefined:undefined:undefined":0,"s:7:2:7:Infinity":1,"s:7:15:7:Infinity":2,"b:10:2:12:Infinity:undefined:undefined:undefined:undefined":1,"s:10:2:12:Infinity":3,"s:11:4:11:Infinity":4,"b:14:2:16:Infinity:undefined:undefined:undefined:undefined":2,"s:14:2:16:Infinity":5,"b:14:6:14:14:14:14:14:34":3,"s:15:4:15:Infinity":6,"s:17:2:17:Infinity":7}}}
,"C:\\Users\\lingc\\Documents\\FullstackProjects\\EnergySimulatorProject\\Web\\src\\components\\projectCard\\ProjectCard.css": {"path":"C:\\Users\\lingc\\Documents\\FullstackProjects\\EnergySimulatorProject\\Web\\src\\components\\projectCard\\ProjectCard.css","statementMap":{},"fnMap":{},"branchMap":{},"s":{},"f":{},"b":{},"meta":{"lastBranch":0,"lastFunction":0,"lastStatement":0,"seen":{}}}
,"C:\\Users\\lingc\\Documents\\FullstackProjects\\EnergySimulatorProject\\Web\\src\\components\\projectCard\\ProjectCard.jsx": {"path":"C:\\Users\\lingc\\Documents\\FullstackProjects\\EnergySimulatorProject\\Web\\src\\components\\projectCard\\ProjectCard.jsx","statementMap":{"0":{"start":{"line":5,"column":25},"end":{"line":5,"column":null}},"1":{"start":{"line":8,"column":32},"end":{"line":8,"column":null}},"2":{"start":{"line":9,"column":30},"end":{"line":9,"column":null}},"3":{"start":{"line":10,"column":10},"end":{"line":10,"column":null}},"4":{"start":{"line":11,"column":10},"end":{"line":11,"column":null}},"5":{"start":{"line":12,"column":10},"end":{"line":12,"column":null}},"6":{"start":{"line":13,"column":10},"end":{"line":13,"column":null}},"7":{"start":{"line":15,"column":28},"end":{"line":18,"column":null}},"8":{"start":{"line":16,"column":8},"end":{"line":16,"column":null}},"9":{"start":{"line":17,"column":8},"end":{"line":17,"column":null}},"10":{"start":{"line":20,"column":34},"end":{"line":24,"column":null}},"11":{"start":{"line":21,"column":8},"end":{"line":21,"column":null}},"12":{"start":{"line":21,"column":42},"end":{"line":21,"column":null}},"13":{"start":{"line":22,"column":8},"end":{"line":22,"column":null}},"14":{"start":{"line":23,"column":8},"end":{"line":23,"column":null}},"15":{"start":{"line":26,"column":30},"end":{"line":29,"column":null}},"16":{"start":{"line":27,"column":8},"end":{"line":27,"column":null}},"17":{"start":{"line":28,"column":8},"end":{"line":28,"column":null}},"18":{"start":{"line":31,"column":29},"end":{"line":40,"column":null}},"19":{"start":{"line":32,"column":8},"end":{"line":32,"column":null}},"20":{"start":{"line":32,"column":36},"end":{"line":32,"column":null}},"21":{"start":{"line":33,"column":37},"end":{"line":33,"column":null}},"22":{"start":{"line":34,"column":8},"end":{"line":34,"column":null}},"23":{"start":{"line":35,"column":8},"end":{"line":35,"column":null}},"24":{"start":{"line":36,"column":8},"end":{"line":39,"column":null}},"25":{"start":{"line":37,"column":12},"end":{"line":37,"column":null}},"26":{"start":{"line":38,"column":12},"end":{"line":38,"column":null}},"27":{"start":{"line":42,"column":27},"end":{"line":50,"column":null}},"28":{"start":{"line":43,"column":8},"end":{"line":45,"column":null}},"29":{"start":{"line":44,"column":12},"end":{"line":44,"column":null}},"30":{"start":{"line":46,"column":8},"end":{"line":49,"column":null}},"31":{"start":{"line":47,"column":12},"end":{"line":47,"column":null}},"32":{"start":{"line":48,"column":12},"end":{"line":48,"column":null}},"33":{"start":{"line":52,"column":28},"end":{"line":54,"column":null}},"34":{"start":{"line":53,"column":8},"end":{"line":53,"column":null}},"35":{"start":{"line":56,"column":30},"end":{"line":59,"column":null}},"36":{"start":{"line":57,"column":8},"end":{"line":57,"column":null}},"37":{"start":{"line":58,"column":8},"end":{"line":58,"column":null}},"38":{"start":{"line":61,"column":23},"end":{"line":65,"column":null}},"39":{"start":{"line":62,"column":8},"end":{"line":62,"column":null}},"40":{"start":{"line":63,"column":8},"end":{"line":63,"column":null}},"41":{"start":{"line":63,"column":20},"end":{"line":63,"column":null}},"42":{"start":{"line":64,"column":8},"end":{"line":64,"column":null}},"43":{"start":{"line":67,"column":28},"end":{"line":77,"column":null}},"44":{"start":{"line":68,"column":8},"end":{"line":72,"column":null}},"45":{"start":{"line":69,"column":12},"end":{"line":69,"column":null}},"46":{"start":{"line":70,"column":12},"end":{"line":70,"column":null}},"47":{"start":{"line":71,"column":12},"end":{"line":71,"column":null}},"48":{"start":{"line":73,"column":8},"end":{"line":76,"column":null}},"49":{"start":{"line":74,"column":12},"end":{"line":74,"column":null}},"50":{"start":{"line":75,"column":12},"end":{"line":75,"column":null}},"51":{"start":{"line":79,"column":25},"end":{"line":85,"column":null}},"52":{"start":{"line":80,"column":8},"end":{"line":80,"column":null}},"53":{"start":{"line":81,"column":8},"end":{"line":81,"column":null}},"54":{"start":{"line":81,"column":22},"end":{"line":81,"column":null}},"55":{"start":{"line":82,"column":8},"end":{"line":84,"column":null}},"56":{"start":{"line":83,"column":12},"end":{"line":83,"column":null}},"57":{"start":{"line":87,"column":4},"end":{"line":107,"column":null}},"58":{"start":{"line":88,"column":35},"end":{"line":92,"column":null}},"59":{"start":{"line":89,"column":12},"end":{"line":91,"column":null}},"60":{"start":{"line":90,"column":16},"end":{"line":90,"column":null}},"61":{"start":{"line":93,"column":26},"end":{"line":95,"column":null}},"62":{"start":{"line":94,"column":12},"end":{"line":94,"column":null}},"63":{"start":{"line":94,"column":36},"end":{"line":94,"column":null}},"64":{"start":{"line":96,"column":29},"end":{"line":96,"column":null}},"65":{"start":{"line":96,"column":35},"end":{"line":96,"column":null}},"66":{"start":{"line":98,"column":8},"end":{"line":98,"column":null}},"67":{"start":{"line":99,"column":8},"end":{"line":99,"column":null}},"68":{"start":{"line":100,"column":8},"end":{"line":100,"column":null}},"69":{"start":{"line":102,"column":8},"end":{"line":106,"column":null}},"70":{"start":{"line":103,"column":12},"end":{"line":103,"column":null}},"71":{"start":{"line":104,"column":12},"end":{"line":104,"column":null}},"72":{"start":{"line":105,"column":12},"end":{"line":105,"column":null}},"73":{"start":{"line":109,"column":4},"end":{"line":113,"column":null}},"74":{"start":{"line":110,"column":8},"end":{"line":112,"column":null}},"75":{"start":{"line":111,"column":12},"end":{"line":111,"column":null}},"76":{"start":{"line":115,"column":4},"end":{"line":183,"column":null}},"77":{"start":{"line":162,"column":28},"end":{"line":162,"column":null}},"78":{"start":{"line":163,"column":41},"end":{"line":163,"column":null}},"79":{"start":{"line":164,"column":28},"end":{"line":164,"column":null}}},"fnMap":{"0":{"name":"ProjectCard","decl":{"start":{"line":7,"column":9},"end":{"line":7,"column":21}},"loc":{"start":{"line":7,"column":77},"end":{"line":185,"column":null}},"line":7},"1":{"name":"(anonymous_1)","decl":{"start":{"line":15,"column":28},"end":{"line":15,"column":29}},"loc":{"start":{"line":15,"column":38},"end":{"line":18,"column":null}},"line":15},"2":{"name":"(anonymous_2)","decl":{"start":{"line":20,"column":34},"end":{"line":20,"column":40}},"loc":{"start":{"line":20,"column":40},"end":{"line":24,"column":null}},"line":20},"3":{"name":"(anonymous_3)","decl":{"start":{"line":26,"column":30},"end":{"line":26,"column":31}},"loc":{"start":{"line":26,"column":37},"end":{"line":29,"column":null}},"line":26},"4":{"name":"(anonymous_4)","decl":{"start":{"line":31,"column":29},"end":{"line":31,"column":30}},"loc":{"start":{"line":31,"column":36},"end":{"line":40,"column":null}},"line":31},"5":{"name":"(anonymous_5)","decl":{"start":{"line":36,"column":56},"end":{"line":36,"column":62}},"loc":{"start":{"line":36,"column":62},"end":{"line":39,"column":11}},"line":36},"6":{"name":"(anonymous_6)","decl":{"start":{"line":42,"column":27},"end":{"line":42,"column":28}},"loc":{"start":{"line":42,"column":34},"end":{"line":50,"column":null}},"line":42},"7":{"name":"(anonymous_7)","decl":{"start":{"line":52,"column":28},"end":{"line":52,"column":34}},"loc":{"start":{"line":52,"column":34},"end":{"line":54,"column":null}},"line":52},"8":{"name":"(anonymous_8)","decl":{"start":{"line":56,"column":30},"end":{"line":56,"column":36}},"loc":{"start":{"line":56,"column":36},"end":{"line":59,"column":null}},"line":56},"9":{"name":"(anonymous_9)","decl":{"start":{"line":61,"column":23},"end":{"line":61,"column":29}},"loc":{"start":{"line":61,"column":29},"end":{"line":65,"column":null}},"line":61},"10":{"name":"(anonymous_10)","decl":{"start":{"line":67,"column":28},"end":{"line":67,"column":29}},"loc":{"start":{"line":67,"column":35},"end":{"line":77,"column":null}},"line":67},"11":{"name":"(anonymous_11)","decl":{"start":{"line":79,"column":25},"end":{"line":79,"column":31}},"loc":{"start":{"line":79,"column":31},"end":{"line":85,"column":null}},"line":79},"12":{"name":"(anonymous_12)","decl":{"start":{"line":87,"column":14},"end":{"line":87,"column":20}},"loc":{"start":{"line":87,"column":20},"end":{"line":107,"column":7}},"line":87},"13":{"name":"(anonymous_13)","decl":{"start":{"line":88,"column":35},"end":{"line":88,"column":36}},"loc":{"start":{"line":88,"column":42},"end":{"line":92,"column":null}},"line":88},"14":{"name":"(anonymous_14)","decl":{"start":{"line":93,"column":26},"end":{"line":93,"column":27}},"loc":{"start":{"line":93,"column":33},"end":{"line":95,"column":null}},"line":93},"15":{"name":"(anonymous_15)","decl":{"start":{"line":96,"column":29},"end":{"line":96,"column":35}},"loc":{"start":{"line":96,"column":35},"end":{"line":96,"column":null}},"line":96},"16":{"name":"(anonymous_16)","decl":{"start":{"line":102,"column":15},"end":{"line":102,"column":21}},"loc":{"start":{"line":102,"column":21},"end":{"line":106,"column":null}},"line":102},"17":{"name":"(anonymous_17)","decl":{"start":{"line":109,"column":14},"end":{"line":109,"column":20}},"loc":{"start":{"line":109,"column":20},"end":{"line":113,"column":7}},"line":109},"18":{"name":"(anonymous_18)","decl":{"start":{"line":110,"column":15},"end":{"line":110,"column":21}},"loc":{"start":{"line":110,"column":21},"end":{"line":112,"column":null}},"line":110},"19":{"name":"(anonymous_19)","decl":{"start":{"line":161,"column":33},"end":{"line":161,"column":34}},"loc":{"start":{"line":161,"column":40},"end":{"line":165,"column":null}},"line":161}},"branchMap":{"0":{"loc":{"start":{"line":21,"column":8},"end":{"line":21,"column":null}},"type":"if","locations":[{"start":{"line":21,"column":8},"end":{"line":21,"column":null}},{"start":{},"end":{}}],"line":21},"1":{"loc":{"start":{"line":32,"column":8},"end":{"line":32,"column":null}},"type":"if","locations":[{"start":{"line":32,"column":8},"end":{"line":32,"column":null}},{"start":{},"end":{}}],"line":32},"2":{"loc":{"start":{"line":43,"column":8},"end":{"line":45,"column":null}},"type":"if","locations":[{"start":{"line":43,"column":8},"end":{"line":45,"column":null}},{"start":{},"end":{}}],"line":43},"3":{"loc":{"start":{"line":46,"column":8},"end":{"line":49,"column":null}},"type":"if","locations":[{"start":{"line":46,"column":8},"end":{"line":49,"column":null}},{"start":{},"end":{}}],"line":46},"4":{"loc":{"start":{"line":63,"column":8},"end":{"line":63,"column":null}},"type":"if","locations":[{"start":{"line":63,"column":8},"end":{"line":63,"column":null}},{"start":{},"end":{}}],"line":63},"5":{"loc":{"start":{"line":68,"column":8},"end":{"line":72,"column":null}},"type":"if","locations":[{"start":{"line":68,"column":8},"end":{"line":72,"column":null}},{"start":{},"end":{}}],"line":68},"6":{"loc":{"start":{"line":73,"column":8},"end":{"line":76,"column":null}},"type":"if","locations":[{"start":{"line":73,"column":8},"end":{"line":76,"column":null}},{"start":{},"end":{}}],"line":73},"7":{"loc":{"start":{"line":81,"column":8},"end":{"line":81,"column":null}},"type":"if","locations":[{"start":{"line":81,"column":8},"end":{"line":81,"column":null}},{"start":{},"end":{}}],"line":81},"8":{"loc":{"start":{"line":82,"column":8},"end":{"line":84,"column":null}},"type":"if","locations":[{"start":{"line":82,"column":8},"end":{"line":84,"column":null}},{"start":{},"end":{}}],"line":82},"9":{"loc":{"start":{"line":89,"column":12},"end":{"line":91,"column":null}},"type":"if","locations":[{"start":{"line":89,"column":12},"end":{"line":91,"column":null}},{"start":{},"end":{}}],"line":89},"10":{"loc":{"start":{"line":89,"column":16},"end":{"line":89,"column":82}},"type":"binary-expr","locations":[{"start":{"line":89,"column":16},"end":{"line":89,"column":40}},{"start":{"line":89,"column":40},"end":{"line":89,"column":82}}],"line":89},"11":{"loc":{"start":{"line":94,"column":12},"end":{"line":94,"column":null}},"type":"if","locations":[{"start":{"line":94,"column":12},"end":{"line":94,"column":null}},{"start":{},"end":{}}],"line":94},"12":{"loc":{"start":{"line":131,"column":21},"end":{"line":132,"column":null}},"type":"binary-expr","locations":[{"start":{"line":131,"column":21},"end":{"line":131,"column":null}},{"start":{"line":132,"column":24},"end":{"line":132,"column":null}}],"line":131},"13":{"loc":{"start":{"line":135,"column":25},"end":{"line":135,"column":null}},"type":"cond-expr","locations":[{"start":{"line":135,"column":39},"end":{"line":135,"column":70}},{"start":{"line":135,"column":70},"end":{"line":135,"column":null}}],"line":135},"14":{"loc":{"start":{"line":172,"column":13},"end":{"line":181,"column":null}},"type":"binary-expr","locations":[{"start":{"line":172,"column":13},"end":{"line":172,"column":null}},{"start":{"line":173,"column":16},"end":{"line":181,"column":null}}],"line":172}},"s":{"0":2,"1":11,"2":11,"3":11,"4":11,"5":11,"6":11,"7":11,"8":4,"9":4,"10":11,"11":4,"12":4,"13":0,"14":0,"15":11,"16":4,"17":4,"18":11,"19":0,"20":0,"21":0,"22":0,"23":0,"24":0,"25":0,"26":0,"27":11,"28":0,"29":0,"30":0,"31":0,"32":0,"33":11,"34":0,"35":11,"36":0,"37":0,"38":11,"39":0,"40":0,"41":0,"42":0,"43":11,"44":0,"45":0,"46":0,"47":0,"48":0,"49":0,"50":0,"51":11,"52":0,"53":0,"54":0,"55":0,"56":0,"57":11,"58":4,"59":1,"60":1,"61":4,"62":1,"63":1,"64":4,"65":1,"66":4,"67":4,"68":4,"69":4,"70":4,"71":4,"72":4,"73":11,"74":4,"75":4,"76":11,"77":0,"78":0,"79":0},"f":{"0":11,"1":4,"2":4,"3":4,"4":0,"5":0,"6":0,"7":0,"8":0,"9":0,"10":0,"11":0,"12":4,"13":1,"14":1,"15":1,"16":4,"17":4,"18":4,"19":0},"b":{"0":[4,0],"1":[0,0],"2":[0,0],"3":[0,0],"4":[0,0],"5":[0,0],"6":[0,0],"7":[0,0],"8":[0,0],"9":[1,0],"10":[1,1],"11":[1,0],"12":[11,0],"13":[11,0],"14":[11,4]},"meta":{"lastBranch":15,"lastFunction":20,"lastStatement":80,"seen":{"s:5:25:5:Infinity":0,"f:7:9:7:21":0,"s:8:32:8:Infinity":1,"s:9:30:9:Infinity":2,"s:10:10:10:Infinity":3,"s:11:10:11:Infinity":4,"s:12:10:12:Infinity":5,"s:13:10:13:Infinity":6,"s:15:28:18:Infinity":7,"f:15:28:15:29":1,"s:16:8:16:Infinity":8,"s:17:8:17:Infinity":9,"s:20:34:24:Infinity":10,"f:20:34:20:40":2,"b:21:8:21:Infinity:undefined:undefined:undefined:undefined":0,"s:21:8:21:Infinity":11,"s:21:42:21:Infinity":12,"s:22:8:22:Infinity":13,"s:23:8:23:Infinity":14,"s:26:30:29:Infinity":15,"f:26:30:26:31":3,"s:27:8:27:Infinity":16,"s:28:8:28:Infinity":17,"s:31:29:40:Infinity":18,"f:31:29:31:30":4,"b:32:8:32:Infinity:undefined:undefined:undefined:undefined":1,"s:32:8:32:Infinity":19,"s:32:36:32:Infinity":20,"s:33:37:33:Infinity":21,"s:34:8:34:Infinity":22,"s:35:8:35:Infinity":23,"s:36:8:39:Infinity":24,"f:36:56:36:62":5,"s:37:12:37:Infinity":25,"s:38:12:38:Infinity":26,"s:42:27:50:Infinity":27,"f:42:27:42:28":6,"b:43:8:45:Infinity:undefined:undefined:undefined:undefined":2,"s:43:8:45:Infinity":28,"s:44:12:44:Infinity":29,"b:46:8:49:Infinity:undefined:undefined:undefined:undefined":3,"s:46:8:49:Infinity":30,"s:47:12:47:Infinity":31,"s:48:12:48:Infinity":32,"s:52:28:54:Infinity":33,"f:52:28:52:34":7,"s:53:8:53:Infinity":34,"s:56:30:59:Infinity":35,"f:56:30:56:36":8,"s:57:8:57:Infinity":36,"s:58:8:58:Infinity":37,"s:61:23:65:Infinity":38,"f:61:23:61:29":9,"s:62:8:62:Infinity":39,"b:63:8:63:Infinity:undefined:undefined:undefined:undefined":4,"s:63:8:63:Infinity":40,"s:63:20:63:Infinity":41,"s:64:8:64:Infinity":42,"s:67:28:77:Infinity":43,"f:67:28:67:29":10,"b:68:8:72:Infinity:undefined:undefined:undefined:undefined":5,"s:68:8:72:Infinity":44,"s:69:12:69:Infinity":45,"s:70:12:70:Infinity":46,"s:71:12:71:Infinity":47,"b:73:8:76:Infinity:undefined:undefined:undefined:undefined":6,"s:73:8:76:Infinity":48,"s:74:12:74:Infinity":49,"s:75:12:75:Infinity":50,"s:79:25:85:Infinity":51,"f:79:25:79:31":11,"s:80:8:80:Infinity":52,"b:81:8:81:Infinity:undefined:undefined:undefined:undefined":7,"s:81:8:81:Infinity":53,"s:81:22:81:Infinity":54,"b:82:8:84:Infinity:undefined:undefined:undefined:undefined":8,"s:82:8:84:Infinity":55,"s:83:12:83:Infinity":56,"s:87:4:107:Infinity":57,"f:87:14:87:20":12,"s:88:35:92:Infinity":58,"f:88:35:88:36":13,"b:89:12:91:Infinity:undefined:undefined:undefined:undefined":9,"s:89:12:91:Infinity":59,"b:89:16:89:40:89:40:89:82":10,"s:90:16:90:Infinity":60,"s:93:26:95:Infinity":61,"f:93:26:93:27":14,"b:94:12:94:Infinity:undefined:undefined:undefined:undefined":11,"s:94:12:94:Infinity":62,"s:94:36:94:Infinity":63,"s:96:29:96:Infinity":64,"f:96:29:96:35":15,"s:96:35:96:Infinity":65,"s:98:8:98:Infinity":66,"s:99:8:99:Infinity":67,"s:100:8:100:Infinity":68,"s:102:8:106:Infinity":69,"f:102:15:102:21":16,"s:103:12:103:Infinity":70,"s:104:12:104:Infinity":71,"s:105:12:105:Infinity":72,"s:109:4:113:Infinity":73,"f:109:14:109:20":17,"s:110:8:112:Infinity":74,"f:110:15:110:21":18,"s:111:12:111:Infinity":75,"s:115:4:183:Infinity":76,"b:131:21:131:Infinity:132:24:132:Infinity":12,"b:135:39:135:70:135:70:135:Infinity":13,"f:161:33:161:34":19,"s:162:28:162:Infinity":77,"s:163:41:163:Infinity":78,"s:164:28:164:Infinity":79,"b:172:13:172:Infinity:173:16:181:Infinity":14}}}
,"C:\\Users\\lingc\\Documents\\FullstackProjects\\EnergySimulatorProject\\Web\\src\\pages\\simulator\\workspace\\WorkspaceUtils.js": {"path":"C:\\Users\\lingc\\Documents\\FullstackProjects\\EnergySimulatorProject\\Web\\src\\pages\\simulator\\workspace\\WorkspaceUtils.js","statementMap":{"0":{"start":{"line":1,"column":16},"end":{"line":7,"column":1}},"1":{"start":{"line":9,"column":23},"end":{"line":9,"column":77}},"2":{"start":{"line":9,"column":29},"end":{"line":9,"column":77}},"3":{"start":{"line":10,"column":29},"end":{"line":10,"column":83}},"4":{"start":{"line":10,"column":35},"end":{"line":10,"column":83}},"5":{"start":{"line":12,"column":19},"end":{"line":12,"column":74}},"6":{"start":{"line":12,"column":30},"end":{"line":12,"column":74}},"7":{"start":{"line":14,"column":36},"end":{"line":20,"column":1}},"8":{"start":{"line":15,"column":1},"end":{"line":19,"column":5}},"9":{"start":{"line":22,"column":35},"end":{"line":28,"column":1}},"10":{"start":{"line":23,"column":1},"end":{"line":27,"column":5}},"11":{"start":{"line":30,"column":27},"end":{"line":39,"column":1}},"12":{"start":{"line":31,"column":1},"end":{"line":33,"column":2}},"13":{"start":{"line":32,"column":2},"end":{"line":32,"column":14}},"14":{"start":{"line":34,"column":1},"end":{"line":38,"column":13}},"15":{"start":{"line":41,"column":33},"end":{"line":81,"column":1}},"16":{"start":{"line":42,"column":1},"end":{"line":44,"column":2}},"17":{"start":{"line":43,"column":2},"end":{"line":43,"column":17}},"18":{"start":{"line":46,"column":17},"end":{"line":46,"column":26}},"19":{"start":{"line":47,"column":1},"end":{"line":59,"column":4}},"20":{"start":{"line":48,"column":20},"end":{"line":52,"column":3}},"21":{"start":{"line":53,"column":2},"end":{"line":55,"column":3}},"22":{"start":{"line":54,"column":3},"end":{"line":54,"column":10}},"23":{"start":{"line":56,"column":18},"end":{"line":56,"column":46}},"24":{"start":{"line":57,"column":2},"end":{"line":57,"column":27}},"25":{"start":{"line":58,"column":2},"end":{"line":58,"column":34}},"26":{"start":{"line":61,"column":1},"end":{"line":80,"column":4}},"27":{"start":{"line":62,"column":20},"end":{"line":62,"column":52}},"28":{"start":{"line":63,"column":20},"end":{"line":67,"column":3}},"29":{"start":{"line":68,"column":2},"end":{"line":70,"column":3}},"30":{"start":{"line":69,"column":3},"end":{"line":69,"column":15}},"31":{"start":{"line":71,"column":18},"end":{"line":71,"column":40}},"32":{"start":{"line":72,"column":2},"end":{"line":74,"column":3}},"33":{"start":{"line":73,"column":3},"end":{"line":73,"column":15}},"34":{"start":{"line":75,"column":20},"end":{"line":75,"column":35}},"35":{"start":{"line":76,"column":2},"end":{"line":78,"column":3}},"36":{"start":{"line":77,"column":3},"end":{"line":77,"column":15}},"37":{"start":{"line":79,"column":2},"end":{"line":79,"column":32}},"38":{"start":{"line":83,"column":25},"end":{"line":96,"column":2}},"39":{"start":{"line":83,"column":49},"end":{"line":96,"column":2}},"40":{"start":{"line":84,"column":29},"end":{"line":89,"column":2}},"41":{"start":{"line":90,"column":47},"end":{"line":95,"column":2}},"42":{"start":{"line":98,"column":25},"end":{"line":146,"column":1}},"43":{"start":{"line":99,"column":18},"end":{"line":99,"column":45}},"44":{"start":{"line":100,"column":17},"end":{"line":118,"column":3}},"45":{"start":{"line":101,"column":15},"end":{"line":101,"column":61}},"46":{"start":{"line":102,"column":20},"end":{"line":102,"column":53}},"47":{"start":{"line":103,"column":2},"end":{"line":117,"column":4}},"48":{"start":{"line":120,"column":17},"end":{"line":120,"column":26}},"49":{"start":{"line":121,"column":1},"end":{"line":125,"column":4}},"50":{"start":{"line":122,"column":2},"end":{"line":124,"column":3}},"51":{"start":{"line":123,"column":3},"end":{"line":123,"column":44}},"52":{"start":{"line":127,"column":23},"end":{"line":143,"column":18}},"53":{"start":{"line":129,"column":18},"end":{"line":129,"column":52}},"54":{"start":{"line":130,"column":18},"end":{"line":130,"column":52}},"55":{"start":{"line":131,"column":3},"end":{"line":133,"column":4}},"56":{"start":{"line":132,"column":4},"end":{"line":132,"column":16}},"57":{"start":{"line":134,"column":3},"end":{"line":141,"column":5}},"58":{"start":{"line":145,"column":1},"end":{"line":145,"column":55}},"59":{"start":{"line":148,"column":28},"end":{"line":198,"column":1}},"60":{"start":{"line":149,"column":26},"end":{"line":149,"column":28}},"61":{"start":{"line":150,"column":21},"end":{"line":150,"column":30}},"62":{"start":{"line":151,"column":20},"end":{"line":151,"column":21}},"63":{"start":{"line":153,"column":1},"end":{"line":167,"column":4}},"64":{"start":{"line":154,"column":20},"end":{"line":154,"column":52}},"65":{"start":{"line":155,"column":2},"end":{"line":158,"column":3}},"66":{"start":{"line":156,"column":3},"end":{"line":156,"column":21}},"67":{"start":{"line":157,"column":3},"end":{"line":157,"column":10}},"68":{"start":{"line":159,"column":22},"end":{"line":164,"column":3}},"69":{"start":{"line":165,"column":2},"end":{"line":165,"column":37}},"70":{"start":{"line":166,"column":2},"end":{"line":166,"column":51}},"71":{"start":{"line":169,"column":26},"end":{"line":169,"column":27}},"72":{"start":{"line":170,"column":28},"end":{"line":170,"column":30}},"73":{"start":{"line":172,"column":1},"end":{"line":185,"column":4}},"74":{"start":{"line":173,"column":26},"end":{"line":173,"column":60}},"75":{"start":{"line":174,"column":26},"end":{"line":174,"column":60}},"76":{"start":{"line":175,"column":2},"end":{"line":178,"column":3}},"77":{"start":{"line":176,"column":3},"end":{"line":176,"column":27}},"78":{"start":{"line":177,"column":3},"end":{"line":177,"column":10}},"79":{"start":{"line":179,"column":2},"end":{"line":184,"column":5}},"80":{"start":{"line":187,"column":17},"end":{"line":195,"column":2}},"81":{"start":{"line":197,"column":1},"end":{"line":197,"column":54}},"82":{"start":{"line":200,"column":31},"end":{"line":209,"column":1}},"83":{"start":{"line":201,"column":17},"end":{"line":201,"column":26}},"84":{"start":{"line":202,"column":1},"end":{"line":207,"column":4}},"85":{"start":{"line":203,"column":2},"end":{"line":205,"column":3}},"86":{"start":{"line":204,"column":3},"end":{"line":204,"column":10}},"87":{"start":{"line":206,"column":2},"end":{"line":206,"column":35}},"88":{"start":{"line":208,"column":1},"end":{"line":208,"column":16}},"89":{"start":{"line":211,"column":34},"end":{"line":228,"column":1}},"90":{"start":{"line":212,"column":15},"end":{"line":212,"column":24}},"91":{"start":{"line":213,"column":1},"end":{"line":226,"column":4}},"92":{"start":{"line":214,"column":20},"end":{"line":214,"column":52}},"93":{"start":{"line":215,"column":2},"end":{"line":217,"column":3}},"94":{"start":{"line":216,"column":3},"end":{"line":216,"column":10}},"95":{"start":{"line":218,"column":2},"end":{"line":225,"column":5}},"96":{"start":{"line":227,"column":1},"end":{"line":227,"column":14}},"97":{"start":{"line":230,"column":33},"end":{"line":254,"column":1}},"98":{"start":{"line":231,"column":1},"end":{"line":233,"column":2}},"99":{"start":{"line":232,"column":2},"end":{"line":232,"column":15}},"100":{"start":{"line":234,"column":1},"end":{"line":253,"column":4}},"101":{"start":{"line":235,"column":20},"end":{"line":235,"column":52}},"102":{"start":{"line":236,"column":2},"end":{"line":238,"column":3}},"103":{"start":{"line":237,"column":3},"end":{"line":237,"column":15}},"104":{"start":{"line":239,"column":19},"end":{"line":239,"column":39}},"105":{"start":{"line":240,"column":2},"end":{"line":242,"column":3}},"106":{"start":{"line":241,"column":3},"end":{"line":241,"column":15}},"107":{"start":{"line":243,"column":18},"end":{"line":243,"column":64}},"108":{"start":{"line":244,"column":2},"end":{"line":252,"column":4}},"109":{"start":{"line":256,"column":32},"end":{"line":293,"column":1}},"110":{"start":{"line":257,"column":1},"end":{"line":259,"column":2}},"111":{"start":{"line":258,"column":2},"end":{"line":258,"column":15}},"112":{"start":{"line":260,"column":15},"end":{"line":260,"column":20}},"113":{"start":{"line":261,"column":16},"end":{"line":290,"column":3}},"114":{"start":{"line":262,"column":20},"end":{"line":262,"column":52}},"115":{"start":{"line":263,"column":2},"end":{"line":265,"column":3}},"116":{"start":{"line":264,"column":3},"end":{"line":264,"column":15}},"117":{"start":{"line":266,"column":23},"end":{"line":266,"column":45}},"118":{"start":{"line":267,"column":2},"end":{"line":269,"column":3}},"119":{"start":{"line":268,"column":3},"end":{"line":268,"column":15}},"120":{"start":{"line":271,"column":19},"end":{"line":277,"column":3}},"121":{"start":{"line":279,"column":2},"end":{"line":286,"column":3}},"122":{"start":{"line":285,"column":3},"end":{"line":285,"column":15}},"123":{"start":{"line":288,"column":2},"end":{"line":288,"column":17}},"124":{"start":{"line":289,"column":2},"end":{"line":289,"column":18}},"125":{"start":{"line":292,"column":1},"end":{"line":292,"column":33}}},"fnMap":{"0":{"name":"(anonymous_0)","decl":{"start":{"line":9,"column":23},"end":{"line":9,"column":24}},"loc":{"start":{"line":9,"column":29},"end":{"line":9,"column":77}},"line":9},"1":{"name":"(anonymous_1)","decl":{"start":{"line":10,"column":29},"end":{"line":10,"column":30}},"loc":{"start":{"line":10,"column":35},"end":{"line":10,"column":83}},"line":10},"2":{"name":"(anonymous_2)","decl":{"start":{"line":12,"column":19},"end":{"line":12,"column":20}},"loc":{"start":{"line":12,"column":30},"end":{"line":12,"column":74}},"line":12},"3":{"name":"(anonymous_3)","decl":{"start":{"line":14,"column":36},"end":{"line":14,"column":37}},"loc":{"start":{"line":15,"column":1},"end":{"line":19,"column":5}},"line":15},"4":{"name":"(anonymous_4)","decl":{"start":{"line":22,"column":35},"end":{"line":22,"column":36}},"loc":{"start":{"line":23,"column":1},"end":{"line":27,"column":5}},"line":23},"5":{"name":"(anonymous_5)","decl":{"start":{"line":30,"column":27},"end":{"line":30,"column":28}},"loc":{"start":{"line":30,"column":64},"end":{"line":39,"column":1}},"line":30},"6":{"name":"(anonymous_6)","decl":{"start":{"line":41,"column":33},"end":{"line":41,"column":34}},"loc":{"start":{"line":41,"column":61},"end":{"line":81,"column":1}},"line":41},"7":{"name":"(anonymous_7)","decl":{"start":{"line":47,"column":18},"end":{"line":47,"column":19}},"loc":{"start":{"line":47,"column":31},"end":{"line":59,"column":2}},"line":47},"8":{"name":"(anonymous_8)","decl":{"start":{"line":61,"column":20},"end":{"line":61,"column":21}},"loc":{"start":{"line":61,"column":30},"end":{"line":80,"column":2}},"line":61},"9":{"name":"(anonymous_9)","decl":{"start":{"line":83,"column":25},"end":{"line":83,"column":26}},"loc":{"start":{"line":83,"column":49},"end":{"line":96,"column":2}},"line":83},"10":{"name":"(anonymous_10)","decl":{"start":{"line":84,"column":18},"end":{"line":84,"column":19}},"loc":{"start":{"line":84,"column":29},"end":{"line":89,"column":2}},"line":84},"11":{"name":"(anonymous_11)","decl":{"start":{"line":90,"column":30},"end":{"line":90,"column":31}},"loc":{"start":{"line":90,"column":47},"end":{"line":95,"column":2}},"line":90},"12":{"name":"(anonymous_12)","decl":{"start":{"line":98,"column":25},"end":{"line":98,"column":26}},"loc":{"start":{"line":98,"column":38},"end":{"line":146,"column":1}},"line":98},"13":{"name":"(anonymous_13)","decl":{"start":{"line":100,"column":30},"end":{"line":100,"column":31}},"loc":{"start":{"line":100,"column":47},"end":{"line":118,"column":2}},"line":100},"14":{"name":"(anonymous_14)","decl":{"start":{"line":121,"column":18},"end":{"line":121,"column":19}},"loc":{"start":{"line":121,"column":35},"end":{"line":125,"column":2}},"line":121},"15":{"name":"(anonymous_15)","decl":{"start":{"line":128,"column":7},"end":{"line":128,"column":8}},"loc":{"start":{"line":128,"column":23},"end":{"line":142,"column":3}},"line":128},"16":{"name":"(anonymous_16)","decl":{"start":{"line":148,"column":28},"end":{"line":148,"column":29}},"loc":{"start":{"line":148,"column":61},"end":{"line":198,"column":1}},"line":148},"17":{"name":"(anonymous_17)","decl":{"start":{"line":153,"column":15},"end":{"line":153,"column":16}},"loc":{"start":{"line":153,"column":25},"end":{"line":167,"column":2}},"line":153},"18":{"name":"(anonymous_18)","decl":{"start":{"line":172,"column":21},"end":{"line":172,"column":22}},"loc":{"start":{"line":172,"column":37},"end":{"line":185,"column":2}},"line":172},"19":{"name":"(anonymous_19)","decl":{"start":{"line":200,"column":31},"end":{"line":200,"column":32}},"loc":{"start":{"line":200,"column":50},"end":{"line":209,"column":1}},"line":200},"20":{"name":"(anonymous_20)","decl":{"start":{"line":202,"column":18},"end":{"line":202,"column":19}},"loc":{"start":{"line":202,"column":31},"end":{"line":207,"column":2}},"line":202},"21":{"name":"(anonymous_21)","decl":{"start":{"line":211,"column":34},"end":{"line":211,"column":35}},"loc":{"start":{"line":211,"column":50},"end":{"line":228,"column":1}},"line":211},"22":{"name":"(anonymous_22)","decl":{"start":{"line":213,"column":15},"end":{"line":213,"column":16}},"loc":{"start":{"line":213,"column":25},"end":{"line":226,"column":2}},"line":213},"23":{"name":"(anonymous_23)","decl":{"start":{"line":230,"column":33},"end":{"line":230,"column":34}},"loc":{"start":{"line":230,"column":56},"end":{"line":254,"column":1}},"line":230},"24":{"name":"(anonymous_24)","decl":{"start":{"line":234,"column":18},"end":{"line":234,"column":19}},"loc":{"start":{"line":234,"column":28},"end":{"line":253,"column":2}},"line":234},"25":{"name":"(anonymous_25)","decl":{"start":{"line":256,"column":32},"end":{"line":256,"column":33}},"loc":{"start":{"line":256,"column":57},"end":{"line":293,"column":1}},"line":256},"26":{"name":"(anonymous_26)","decl":{"start":{"line":261,"column":26},"end":{"line":261,"column":27}},"loc":{"start":{"line":261,"column":36},"end":{"line":290,"column":2}},"line":261}},"branchMap":{"0":{"loc":{"start":{"line":12,"column":42},"end":{"line":12,"column":60}},"type":"binary-expr","locations":[{"start":{"line":12,"column":42},"end":{"line":12,"column":55}},{"start":{"line":12,"column":59},"end":{"line":12,"column":60}}],"line":12},"1":{"loc":{"start":{"line":14,"column":37},"end":{"line":14,"column":46}},"type":"default-arg","locations":[{"start":{"line":14,"column":44},"end":{"line":14,"column":46}}],"line":14},"2":{"loc":{"start":{"line":15,"column":1},"end":{"line":19,"column":5}},"type":"binary-expr","locations":[{"start":{"line":15,"column":1},"end":{"line":15,"column":18}},{"start":{"line":16,"column":1},"end":{"line":16,"column":25}},{"start":{"line":17,"column":1},"end":{"line":17,"column":16}},{"start":{"line":18,"column":1},"end":{"line":18,"column":17}},{"start":{"line":19,"column":1},"end":{"line":19,"column":5}}],"line":15},"3":{"loc":{"start":{"line":22,"column":36},"end":{"line":22,"column":45}},"type":"default-arg","locations":[{"start":{"line":22,"column":43},"end":{"line":22,"column":45}}],"line":22},"4":{"loc":{"start":{"line":23,"column":1},"end":{"line":27,"column":5}},"type":"binary-expr","locations":[{"start":{"line":23,"column":1},"end":{"line":23,"column":16}},{"start":{"line":24,"column":1},"end":{"line":24,"column":15}},{"start":{"line":25,"column":1},"end":{"line":25,"column":22}},{"start":{"line":26,"column":1},"end":{"line":26,"column":23}},{"start":{"line":27,"column":1},"end":{"line":27,"column":5}}],"line":23},"5":{"loc":{"start":{"line":31,"column":1},"end":{"line":33,"column":2}},"type":"if","locations":[{"start":{"line":31,"column":1},"end":{"line":33,"column":2}},{"start":{},"end":{}}],"line":31},"6":{"loc":{"start":{"line":41,"column":43},"end":{"line":41,"column":56}},"type":"default-arg","locations":[{"start":{"line":41,"column":54},"end":{"line":41,"column":56}}],"line":41},"7":{"loc":{"start":{"line":42,"column":1},"end":{"line":44,"column":2}},"type":"if","locations":[{"start":{"line":42,"column":1},"end":{"line":44,"column":2}},{"start":{},"end":{}}],"line":42},"8":{"loc":{"start":{"line":50,"column":3},"end":{"line":50,"column":25}},"type":"binary-expr","locations":[{"start":{"line":50,"column":3},"end":{"line":50,"column":20}},{"start":{"line":50,"column":24},"end":{"line":50,"column":25}}],"line":50},"9":{"loc":{"start":{"line":51,"column":3},"end":{"line":51,"column":25}},"type":"binary-expr","locations":[{"start":{"line":51,"column":3},"end":{"line":51,"column":20}},{"start":{"line":51,"column":24},"end":{"line":51,"column":25}}],"line":51},"10":{"loc":{"start":{"line":53,"column":2},"end":{"line":55,"column":3}},"type":"if","locations":[{"start":{"line":53,"column":2},"end":{"line":55,"column":3}},{"start":{},"end":{}}],"line":53},"11":{"loc":{"start":{"line":53,"column":6},"end":{"line":53,"column":31}},"type":"binary-expr","locations":[{"start":{"line":53,"column":6},"end":{"line":53,"column":16}},{"start":{"line":53,"column":20},"end":{"line":53,"column":31}}],"line":53},"12":{"loc":{"start":{"line":56,"column":18},"end":{"line":56,"column":46}},"type":"binary-expr","locations":[{"start":{"line":56,"column":18},"end":{"line":56,"column":40}},{"start":{"line":56,"column":44},"end":{"line":56,"column":46}}],"line":56},"13":{"loc":{"start":{"line":68,"column":2},"end":{"line":70,"column":3}},"type":"if","locations":[{"start":{"line":68,"column":2},"end":{"line":70,"column":3}},{"start":{},"end":{}}],"line":68},"14":{"loc":{"start":{"line":72,"column":2},"end":{"line":74,"column":3}},"type":"if","locations":[{"start":{"line":72,"column":2},"end":{"line":74,"column":3}},{"start":{},"end":{}}],"line":72},"15":{"loc":{"start":{"line":72,"column":6},"end":{"line":72,"column":38}},"type":"binary-expr","locations":[{"start":{"line":72,"column":6},"end":{"line":72,"column":14}},{"start":{"line":72,"column":18},"end":{"line":72,"column":38}}],"line":72},"16":{"loc":{"start":{"line":76,"column":2},"end":{"line":78,"column":3}},"type":"if","locations":[{"start":{"line":76,"column":2},"end":{"line":78,"column":3}},{"start":{},"end":{}}],"line":76},"17":{"loc":{"start":{"line":76,"column":6},"end":{"line":76,"column":48}},"type":"binary-expr","locations":[{"start":{"line":76,"column":6},"end":{"line":76,"column":16}},{"start":{"line":76,"column":20},"end":{"line":76,"column":48}}],"line":76},"18":{"loc":{"start":{"line":85,"column":13},"end":{"line":85,"column":35}},"type":"binary-expr","locations":[{"start":{"line":85,"column":13},"end":{"line":85,"column":27}},{"start":{"line":85,"column":31},"end":{"line":85,"column":35}}],"line":85},"19":{"loc":{"start":{"line":91,"column":13},"end":{"line":91,"column":41}},"type":"binary-expr","locations":[{"start":{"line":91,"column":13},"end":{"line":91,"column":33}},{"start":{"line":91,"column":37},"end":{"line":91,"column":41}}],"line":91},"20":{"loc":{"start":{"line":94,"column":18},"end":{"line":94,"column":49}},"type":"binary-expr","locations":[{"start":{"line":94,"column":18},"end":{"line":94,"column":43}},{"start":{"line":94,"column":47},"end":{"line":94,"column":49}}],"line":94},"21":{"loc":{"start":{"line":99,"column":18},"end":{"line":99,"column":45}},"type":"binary-expr","locations":[{"start":{"line":99,"column":18},"end":{"line":99,"column":39}},{"start":{"line":99,"column":43},"end":{"line":99,"column":45}}],"line":99},"22":{"loc":{"start":{"line":101,"column":15},"end":{"line":101,"column":61}},"type":"cond-expr","locations":[{"start":{"line":101,"column":25},"end":{"line":101,"column":42}},{"start":{"line":101,"column":45},"end":{"line":101,"column":61}}],"line":101},"23":{"loc":{"start":{"line":105,"column":14},"end":{"line":105,"column":29}},"type":"binary-expr","locations":[{"start":{"line":105,"column":14},"end":{"line":105,"column":21}},{"start":{"line":105,"column":25},"end":{"line":105,"column":29}}],"line":105},"24":{"loc":{"start":{"line":107,"column":10},"end":{"line":107,"column":51}},"type":"binary-expr","locations":[{"start":{"line":107,"column":10},"end":{"line":107,"column":28}},{"start":{"line":107,"column":32},"end":{"line":107,"column":51}}],"line":107},"25":{"loc":{"start":{"line":108,"column":9},"end":{"line":108,"column":48}},"type":"binary-expr","locations":[{"start":{"line":108,"column":9},"end":{"line":108,"column":34}},{"start":{"line":108,"column":38},"end":{"line":108,"column":48}}],"line":108},"26":{"loc":{"start":{"line":109,"column":12},"end":{"line":109,"column":77}},"type":"binary-expr","locations":[{"start":{"line":109,"column":12},"end":{"line":109,"column":35}},{"start":{"line":109,"column":39},"end":{"line":109,"column":69}},{"start":{"line":109,"column":73},"end":{"line":109,"column":77}}],"line":109},"27":{"loc":{"start":{"line":113,"column":7},"end":{"line":113,"column":41}},"type":"binary-expr","locations":[{"start":{"line":113,"column":7},"end":{"line":113,"column":21}},{"start":{"line":113,"column":25},"end":{"line":113,"column":41}}],"line":113},"28":{"loc":{"start":{"line":114,"column":7},"end":{"line":114,"column":41}},"type":"binary-expr","locations":[{"start":{"line":114,"column":7},"end":{"line":114,"column":21}},{"start":{"line":114,"column":25},"end":{"line":114,"column":41}}],"line":114},"29":{"loc":{"start":{"line":116,"column":9},"end":{"line":116,"column":61}},"type":"binary-expr","locations":[{"start":{"line":116,"column":9},"end":{"line":116,"column":21}},{"start":{"line":116,"column":26},"end":{"line":116,"column":60}}],"line":116},"30":{"loc":{"start":{"line":116,"column":26},"end":{"line":116,"column":60}},"type":"cond-expr","locations":[{"start":{"line":116,"column":38},"end":{"line":116,"column":55}},{"start":{"line":116,"column":58},"end":{"line":116,"column":60}}],"line":116},"31":{"loc":{"start":{"line":122,"column":2},"end":{"line":124,"column":3}},"type":"if","locations":[{"start":{"line":122,"column":2},"end":{"line":124,"column":3}},{"start":{},"end":{}}],"line":122},"32":{"loc":{"start":{"line":127,"column":24},"end":{"line":127,"column":54}},"type":"binary-expr","locations":[{"start":{"line":127,"column":24},"end":{"line":127,"column":48}},{"start":{"line":127,"column":52},"end":{"line":127,"column":54}}],"line":127},"33":{"loc":{"start":{"line":131,"column":3},"end":{"line":133,"column":4}},"type":"if","locations":[{"start":{"line":131,"column":3},"end":{"line":133,"column":4}},{"start":{},"end":{}}],"line":131},"34":{"loc":{"start":{"line":131,"column":7},"end":{"line":131,"column":25}},"type":"binary-expr","locations":[{"start":{"line":131,"column":7},"end":{"line":131,"column":14}},{"start":{"line":131,"column":18},"end":{"line":131,"column":25}}],"line":131},"35":{"loc":{"start":{"line":135,"column":8},"end":{"line":135,"column":72}},"type":"cond-expr","locations":[{"start":{"line":135,"column":24},"end":{"line":135,"column":47}},{"start":{"line":135,"column":50},"end":{"line":135,"column":72}}],"line":135},"36":{"loc":{"start":{"line":136,"column":15},"end":{"line":136,"column":36}},"type":"binary-expr","locations":[{"start":{"line":136,"column":15},"end":{"line":136,"column":28}},{"start":{"line":136,"column":32},"end":{"line":136,"column":36}}],"line":136},"37":{"loc":{"start":{"line":139,"column":20},"end":{"line":139,"column":51}},"type":"binary-expr","locations":[{"start":{"line":139,"column":20},"end":{"line":139,"column":45}},{"start":{"line":139,"column":49},"end":{"line":139,"column":51}}],"line":139},"38":{"loc":{"start":{"line":140,"column":11},"end":{"line":140,"column":42}},"type":"binary-expr","locations":[{"start":{"line":140,"column":11},"end":{"line":140,"column":36}},{"start":{"line":140,"column":40},"end":{"line":140,"column":42}}],"line":140},"39":{"loc":{"start":{"line":155,"column":2},"end":{"line":158,"column":3}},"type":"if","locations":[{"start":{"line":155,"column":2},"end":{"line":158,"column":3}},{"start":{},"end":{}}],"line":155},"40":{"loc":{"start":{"line":160,"column":7},"end":{"line":160,"column":29}},"type":"binary-expr","locations":[{"start":{"line":160,"column":7},"end":{"line":160,"column":21}},{"start":{"line":160,"column":25},"end":{"line":160,"column":29}}],"line":160},"41":{"loc":{"start":{"line":166,"column":27},"end":{"line":166,"column":49}},"type":"binary-expr","locations":[{"start":{"line":166,"column":27},"end":{"line":166,"column":41}},{"start":{"line":166,"column":45},"end":{"line":166,"column":49}}],"line":166},"42":{"loc":{"start":{"line":175,"column":2},"end":{"line":178,"column":3}},"type":"if","locations":[{"start":{"line":175,"column":2},"end":{"line":178,"column":3}},{"start":{},"end":{}}],"line":175},"43":{"loc":{"start":{"line":175,"column":6},"end":{"line":175,"column":42}},"type":"binary-expr","locations":[{"start":{"line":175,"column":6},"end":{"line":175,"column":22}},{"start":{"line":175,"column":26},"end":{"line":175,"column":42}}],"line":175},"44":{"loc":{"start":{"line":180,"column":7},"end":{"line":180,"column":35}},"type":"binary-expr","locations":[{"start":{"line":180,"column":7},"end":{"line":180,"column":27}},{"start":{"line":180,"column":31},"end":{"line":180,"column":35}}],"line":180},"45":{"loc":{"start":{"line":181,"column":19},"end":{"line":181,"column":50}},"type":"binary-expr","locations":[{"start":{"line":181,"column":19},"end":{"line":181,"column":44}},{"start":{"line":181,"column":48},"end":{"line":181,"column":50}}],"line":181},"46":{"loc":{"start":{"line":200,"column":32},"end":{"line":200,"column":45}},"type":"default-arg","locations":[{"start":{"line":200,"column":43},"end":{"line":200,"column":45}}],"line":200},"47":{"loc":{"start":{"line":203,"column":2},"end":{"line":205,"column":3}},"type":"if","locations":[{"start":{"line":203,"column":2},"end":{"line":205,"column":3}},{"start":{},"end":{}}],"line":203},"48":{"loc":{"start":{"line":203,"column":6},"end":{"line":203,"column":36}},"type":"binary-expr","locations":[{"start":{"line":203,"column":6},"end":{"line":203,"column":14}},{"start":{"line":203,"column":18},"end":{"line":203,"column":36}}],"line":203},"49":{"loc":{"start":{"line":211,"column":35},"end":{"line":211,"column":45}},"type":"default-arg","locations":[{"start":{"line":211,"column":43},"end":{"line":211,"column":45}}],"line":211},"50":{"loc":{"start":{"line":215,"column":2},"end":{"line":217,"column":3}},"type":"if","locations":[{"start":{"line":215,"column":2},"end":{"line":217,"column":3}},{"start":{},"end":{}}],"line":215},"51":{"loc":{"start":{"line":224,"column":9},"end":{"line":224,"column":24}},"type":"binary-expr","locations":[{"start":{"line":224,"column":9},"end":{"line":224,"column":18}},{"start":{"line":224,"column":22},"end":{"line":224,"column":24}}],"line":224},"52":{"loc":{"start":{"line":230,"column":34},"end":{"line":230,"column":44}},"type":"default-arg","locations":[{"start":{"line":230,"column":42},"end":{"line":230,"column":44}}],"line":230},"53":{"loc":{"start":{"line":231,"column":1},"end":{"line":233,"column":2}},"type":"if","locations":[{"start":{"line":231,"column":1},"end":{"line":233,"column":2}},{"start":{},"end":{}}],"line":231},"54":{"loc":{"start":{"line":231,"column":5},"end":{"line":231,"column":46}},"type":"binary-expr","locations":[{"start":{"line":231,"column":5},"end":{"line":231,"column":11}},{"start":{"line":231,"column":15},"end":{"line":231,"column":46}}],"line":231},"55":{"loc":{"start":{"line":236,"column":2},"end":{"line":238,"column":3}},"type":"if","locations":[{"start":{"line":236,"column":2},"end":{"line":238,"column":3}},{"start":{},"end":{}}],"line":236},"56":{"loc":{"start":{"line":240,"column":2},"end":{"line":242,"column":3}},"type":"if","locations":[{"start":{"line":240,"column":2},"end":{"line":242,"column":3}},{"start":{},"end":{}}],"line":240},"57":{"loc":{"start":{"line":243,"column":18},"end":{"line":243,"column":64}},"type":"binary-expr","locations":[{"start":{"line":243,"column":18},"end":{"line":243,"column":27}},{"start":{"line":243,"column":31},"end":{"line":243,"column":64}}],"line":243},"58":{"loc":{"start":{"line":246,"column":10},"end":{"line":246,"column":38}},"type":"binary-expr","locations":[{"start":{"line":246,"column":10},"end":{"line":246,"column":24}},{"start":{"line":246,"column":28},"end":{"line":246,"column":38}}],"line":246},"59":{"loc":{"start":{"line":247,"column":9},"end":{"line":247,"column":35}},"type":"binary-expr","locations":[{"start":{"line":247,"column":9},"end":{"line":247,"column":22}},{"start":{"line":247,"column":26},"end":{"line":247,"column":35}}],"line":247},"60":{"loc":{"start":{"line":248,"column":12},"end":{"line":248,"column":44}},"type":"binary-expr","locations":[{"start":{"line":248,"column":12},"end":{"line":248,"column":28}},{"start":{"line":248,"column":32},"end":{"line":248,"column":44}}],"line":248},"61":{"loc":{"start":{"line":249,"column":10},"end":{"line":249,"column":38}},"type":"binary-expr","locations":[{"start":{"line":249,"column":10},"end":{"line":249,"column":24}},{"start":{"line":249,"column":28},"end":{"line":249,"column":38}}],"line":249},"62":{"loc":{"start":{"line":250,"column":10},"end":{"line":250,"column":38}},"type":"binary-expr","locations":[{"start":{"line":250,"column":10},"end":{"line":250,"column":24}},{"start":{"line":250,"column":28},"end":{"line":250,"column":38}}],"line":250},"63":{"loc":{"start":{"line":251,"column":9},"end":{"line":251,"column":50}},"type":"cond-expr","locations":[{"start":{"line":251,"column":19},"end":{"line":251,"column":28}},{"start":{"line":251,"column":31},"end":{"line":251,"column":50}}],"line":251},"64":{"loc":{"start":{"line":251,"column":31},"end":{"line":251,"column":50}},"type":"binary-expr","locations":[{"start":{"line":251,"column":31},"end":{"line":251,"column":44}},{"start":{"line":251,"column":48},"end":{"line":251,"column":50}}],"line":251},"65":{"loc":{"start":{"line":256,"column":33},"end":{"line":256,"column":43}},"type":"default-arg","locations":[{"start":{"line":256,"column":41},"end":{"line":256,"column":43}}],"line":256},"66":{"loc":{"start":{"line":257,"column":1},"end":{"line":259,"column":2}},"type":"if","locations":[{"start":{"line":257,"column":1},"end":{"line":259,"column":2}},{"start":{},"end":{}}],"line":257},"67":{"loc":{"start":{"line":257,"column":5},"end":{"line":257,"column":72}},"type":"binary-expr","locations":[{"start":{"line":257,"column":5},"end":{"line":257,"column":13}},{"start":{"line":257,"column":17},"end":{"line":257,"column":50}},{"start":{"line":257,"column":54},"end":{"line":257,"column":72}}],"line":257},"68":{"loc":{"start":{"line":263,"column":2},"end":{"line":265,"column":3}},"type":"if","locations":[{"start":{"line":263,"column":2},"end":{"line":265,"column":3}},{"start":{},"end":{}}],"line":263},"69":{"loc":{"start":{"line":267,"column":2},"end":{"line":269,"column":3}},"type":"if","locations":[{"start":{"line":267,"column":2},"end":{"line":269,"column":3}},{"start":{},"end":{}}],"line":267},"70":{"loc":{"start":{"line":273,"column":10},"end":{"line":273,"column":41}},"type":"binary-expr","locations":[{"start":{"line":273,"column":10},"end":{"line":273,"column":27}},{"start":{"line":273,"column":31},"end":{"line":273,"column":41}}],"line":273},"71":{"loc":{"start":{"line":274,"column":9},"end":{"line":274,"column":71}},"type":"binary-expr","locations":[{"start":{"line":274,"column":9},"end":{"line":274,"column":33}},{"start":{"line":274,"column":37},"end":{"line":274,"column":58}},{"start":{"line":274,"column":62},"end":{"line":274,"column":71}}],"line":274},"72":{"loc":{"start":{"line":275,"column":12},"end":{"line":275,"column":83}},"type":"binary-expr","locations":[{"start":{"line":275,"column":12},"end":{"line":275,"column":34}},{"start":{"line":275,"column":38},"end":{"line":275,"column":67}},{"start":{"line":275,"column":71},"end":{"line":275,"column":83}}],"line":275},"73":{"loc":{"start":{"line":279,"column":2},"end":{"line":286,"column":3}},"type":"if","locations":[{"start":{"line":279,"column":2},"end":{"line":286,"column":3}},{"start":{},"end":{}}],"line":279},"74":{"loc":{"start":{"line":280,"column":3},"end":{"line":283,"column":30}},"type":"binary-expr","locations":[{"start":{"line":280,"column":3},"end":{"line":280,"column":32}},{"start":{"line":281,"column":3},"end":{"line":281,"column":30}},{"start":{"line":282,"column":3},"end":{"line":282,"column":36}},{"start":{"line":283,"column":3},"end":{"line":283,"column":30}}],"line":280},"75":{"loc":{"start":{"line":292,"column":8},"end":{"line":292,"column":32}},"type":"cond-expr","locations":[{"start":{"line":292,"column":18},"end":{"line":292,"column":24}},{"start":{"line":292,"column":27},"end":{"line":292,"column":32}}],"line":292}},"s":{"0":6,"1":6,"2":1,"3":6,"4":0,"5":6,"6":18,"7":6,"8":4,"9":6,"10":9,"11":6,"12":6,"13":2,"14":4,"15":6,"16":3,"17":1,"18":2,"19":2,"20":2,"21":2,"22":0,"23":2,"24":2,"25":2,"26":2,"27":3,"28":3,"29":3,"30":1,"31":2,"32":2,"33":1,"34":1,"35":1,"36":0,"37":1,"38":6,"39":0,"40":0,"41":0,"42":6,"43":1,"44":1,"45":2,"46":2,"47":2,"48":1,"49":1,"50":2,"51":1,"52":1,"53":0,"54":0,"55":0,"56":0,"57":0,"58":1,"59":6,"60":1,"61":1,"62":1,"63":1,"64":3,"65":3,"66":1,"67":1,"68":2,"69":3,"70":3,"71":1,"72":1,"73":1,"74":3,"75":3,"76":3,"77":2,"78":2,"79":1,"80":1,"81":1,"82":6,"83":2,"84":2,"85":2,"86":0,"87":2,"88":2,"89":6,"90":0,"91":0,"92":0,"93":0,"94":0,"95":0,"96":0,"97":6,"98":0,"99":0,"100":0,"101":0,"102":0,"103":0,"104":0,"105":0,"106":0,"107":0,"108":0,"109":6,"110":4,"111":1,"112":3,"113":3,"114":3,"115":3,"116":0,"117":3,"118":3,"119":1,"120":2,"121":3,"122":1,"123":1,"124":1,"125":3},"f":{"0":1,"1":0,"2":18,"3":4,"4":9,"5":6,"6":3,"7":2,"8":3,"9":0,"10":0,"11":0,"12":1,"13":2,"14":2,"15":0,"16":1,"17":3,"18":3,"19":2,"20":2,"21":0,"22":0,"23":0,"24":0,"25":4,"26":3},"b":{"0":[18,5],"1":[4],"2":[4,1,1,0,0],"3":[9],"4":[9,2,2,2,2],"5":[2,4],"6":[3],"7":[1,2],"8":[2,0],"9":[2,0],"10":[0,2],"11":[2,2],"12":[2,2],"13":[1,2],"14":[1,1],"15":[2,1],"16":[0,1],"17":[1,1],"18":[0,0],"19":[0,0],"20":[0,0],"21":[1,0],"22":[1,1],"23":[2,1],"24":[2,1],"25":[2,1],"26":[2,1,1],"27":[2,1],"28":[2,1],"29":[2,1],"30":[1,0],"31":[1,1],"32":[1,0],"33":[0,0],"34":[0,0],"35":[0,0],"36":[0,0],"37":[0,0],"38":[0,0],"39":[1,2],"40":[2,1],"41":[3,1],"42":[2,1],"43":[3,3],"44":[1,0],"45":[3,0],"46":[2],"47":[0,2],"48":[2,2],"49":[0],"50":[0,0],"51":[0,0],"52":[0],"53":[0,0],"54":[0,0],"55":[0,0],"56":[0,0],"57":[0,0],"58":[0,0],"59":[0,0],"60":[0,0],"61":[0,0],"62":[0,0],"63":[0,0],"64":[0,0],"65":[4],"66":[1,3],"67":[4,3,3],"68":[0,3],"69":[1,2],"70":[2,0],"71":[3,0,0],"72":[3,0,0],"73":[1,2],"74":[3,1,1,1],"75":[1,2]},"meta":{"lastBranch":76,"lastFunction":27,"lastStatement":126,"seen":{"s:1:16:7:1":0,"s:9:23:9:77":1,"f:9:23:9:24":0,"s:9:29:9:77":2,"s:10:29:10:83":3,"f:10:29:10:30":1,"s:10:35:10:83":4,"s:12:19:12:74":5,"f:12:19:12:20":2,"s:12:30:12:74":6,"b:12:42:12:55:12:59:12:60":0,"s:14:36:20:1":7,"f:14:36:14:37":3,"s:15:1:19:5":8,"b:14:44:14:46":1,"b:15:1:15:18:16:1:16:25:17:1:17:16:18:1:18:17:19:1:19:5":2,"s:22:35:28:1":9,"f:22:35:22:36":4,"s:23:1:27:5":10,"b:22:43:22:45":3,"b:23:1:23:16:24:1:24:15:25:1:25:22:26:1:26:23:27:1:27:5":4,"s:30:27:39:1":11,"f:30:27:30:28":5,"b:31:1:33:2:undefined:undefined:undefined:undefined":5,"s:31:1:33:2":12,"s:32:2:32:14":13,"s:34:1:38:13":14,"s:41:33:81:1":15,"f:41:33:41:34":6,"b:41:54:41:56":6,"b:42:1:44:2:undefined:undefined:undefined:undefined":7,"s:42:1:44:2":16,"s:43:2:43:17":17,"s:46:17:46:26":18,"s:47:1:59:4":19,"f:47:18:47:19":7,"s:48:20:52:3":20,"b:50:3:50:20:50:24:50:25":8,"b:51:3:51:20:51:24:51:25":9,"b:53:2:55:3:undefined:undefined:undefined:undefined":10,"s:53:2:55:3":21,"b:53:6:53:16:53:20:53:31":11,"s:54:3:54:10":22,"s:56:18:56:46":23,"b:56:18:56:40:56:44:56:46":12,"s:57:2:57:27":24,"s:58:2:58:34":25,"s:61:1:80:4":26,"f:61:20:61:21":8,"s:62:20:62:52":27,"s:63:20:67:3":28,"b:68:2:70:3:undefined:undefined:undefined:undefined":13,"s:68:2:70:3":29,"s:69:3:69:15":30,"s:71:18:71:40":31,"b:72:2:74:3:undefined:undefined:undefined:undefined":14,"s:72:2:74:3":32,"b:72:6:72:14:72:18:72:38":15,"s:73:3:73:15":33,"s:75:20:75:35":34,"b:76:2:78:3:undefined:undefined:undefined:undefined":16,"s:76:2:78:3":35,"b:76:6:76:16:76:20:76:48":17,"s:77:3:77:15":36,"s:79:2:79:32":37,"s:83:25:96:2":38,"f:83:25:83:26":9,"s:83:49:96:2":39,"f:84:18:84:19":10,"s:84:29:89:2":40,"b:85:13:85:27:85:31:85:35":18,"f:90:30:90:31":11,"s:90:47:95:2":41,"b:91:13:91:33:91:37:91:41":19,"b:94:18:94:43:94:47:94:49":20,"s:98:25:146:1":42,"f:98:25:98:26":12,"s:99:18:99:45":43,"b:99:18:99:39:99:43:99:45":21,"s:100:17:118:3":44,"f:100:30:100:31":13,"s:101:15:101:61":45,"b:101:25:101:42:101:45:101:61":22,"s:102:20:102:53":46,"s:103:2:117:4":47,"b:105:14:105:21:105:25:105:29":23,"b:107:10:107:28:107:32:107:51":24,"b:108:9:108:34:108:38:108:48":25,"b:109:12:109:35:109:39:109:69:109:73:109:77":26,"b:113:7:113:21:113:25:113:41":27,"b:114:7:114:21:114:25:114:41":28,"b:116:9:116:21:116:26:116:60":29,"b:116:38:116:55:116:58:116:60":30,"s:120:17:120:26":48,"s:121:1:125:4":49,"f:121:18:121:19":14,"b:122:2:124:3:undefined:undefined:undefined:undefined":31,"s:122:2:124:3":50,"s:123:3:123:44":51,"s:127:23:143:18":52,"b:127:24:127:48:127:52:127:54":32,"f:128:7:128:8":15,"s:129:18:129:52":53,"s:130:18:130:52":54,"b:131:3:133:4:undefined:undefined:undefined:undefined":33,"s:131:3:133:4":55,"b:131:7:131:14:131:18:131:25":34,"s:132:4:132:16":56,"s:134:3:141:5":57,"b:135:24:135:47:135:50:135:72":35,"b:136:15:136:28:136:32:136:36":36,"b:139:20:139:45:139:49:139:51":37,"b:140:11:140:36:140:40:140:42":38,"s:145:1:145:55":58,"s:148:28:198:1":59,"f:148:28:148:29":16,"s:149:26:149:28":60,"s:150:21:150:30":61,"s:151:20:151:21":62,"s:153:1:167:4":63,"f:153:15:153:16":17,"s:154:20:154:52":64,"b:155:2:158:3:undefined:undefined:undefined:undefined":39,"s:155:2:158:3":65,"s:156:3:156:21":66,"s:157:3:157:10":67,"s:159:22:164:3":68,"b:160:7:160:21:160:25:160:29":40,"s:165:2:165:37":69,"s:166:2:166:51":70,"b:166:27:166:41:166:45:166:49":41,"s:169:26:169:27":71,"s:170:28:170:30":72,"s:172:1:185:4":73,"f:172:21:172:22":18,"s:173:26:173:60":74,"s:174:26:174:60":75,"b:175:2:178:3:undefined:undefined:undefined:undefined":42,"s:175:2:178:3":76,"b:175:6:175:22:175:26:175:42":43,"s:176:3:176:27":77,"s:177:3:177:10":78,"s:179:2:184:5":79,"b:180:7:180:27:180:31:180:35":44,"b:181:19:181:44:181:48:181:50":45,"s:187:17:195:2":80,"s:197:1:197:54":81,"s:200:31:209:1":82,"f:200:31:200:32":19,"b:200:43:200:45":46,"s:201:17:201:26":83,"s:202:1:207:4":84,"f:202:18:202:19":20,"b:203:2:205:3:undefined:undefined:undefined:undefined":47,"s:203:2:205:3":85,"b:203:6:203:14:203:18:203:36":48,"s:204:3:204:10":86,"s:206:2:206:35":87,"s:208:1:208:16":88,"s:211:34:228:1":89,"f:211:34:211:35":21,"b:211:43:211:45":49,"s:212:15:212:24":90,"s:213:1:226:4":91,"f:213:15:213:16":22,"s:214:20:214:52":92,"b:215:2:217:3:undefined:undefined:undefined:undefined":50,"s:215:2:217:3":93,"s:216:3:216:10":94,"s:218:2:225:5":95,"b:224:9:224:18:224:22:224:24":51,"s:227:1:227:14":96,"s:230:33:254:1":97,"f:230:33:230:34":23,"b:230:42:230:44":52,"b:231:1:233:2:undefined:undefined:undefined:undefined":53,"s:231:1:233:2":98,"b:231:5:231:11:231:15:231:46":54,"s:232:2:232:15":99,"s:234:1:253:4":100,"f:234:18:234:19":24,"s:235:20:235:52":101,"b:236:2:238:3:undefined:undefined:undefined:undefined":55,"s:236:2:238:3":102,"s:237:3:237:15":103,"s:239:19:239:39":104,"b:240:2:242:3:undefined:undefined:undefined:undefined":56,"s:240:2:242:3":105,"s:241:3:241:15":106,"s:243:18:243:64":107,"b:243:18:243:27:243:31:243:64":57,"s:244:2:252:4":108,"b:246:10:246:24:246:28:246:38":58,"b:247:9:247:22:247:26:247:35":59,"b:248:12:248:28:248:32:248:44":60,"b:249:10:249:24:249:28:249:38":61,"b:250:10:250:24:250:28:250:38":62,"b:251:19:251:28:251:31:251:50":63,"b:251:31:251:44:251:48:251:50":64,"s:256:32:293:1":109,"f:256:32:256:33":25,"b:256:41:256:43":65,"b:257:1:259:2:undefined:undefined:undefined:undefined":66,"s:257:1:259:2":110,"b:257:5:257:13:257:17:257:50:257:54:257:72":67,"s:258:2:258:15":111,"s:260:15:260:20":112,"s:261:16:290:3":113,"f:261:26:261:27":26,"s:262:20:262:52":114,"b:263:2:265:3:undefined:undefined:undefined:undefined":68,"s:263:2:265:3":115,"s:264:3:264:15":116,"s:266:23:266:45":117,"b:267:2:269:3:undefined:undefined:undefined:undefined":69,"s:267:2:269:3":118,"s:268:3:268:15":119,"s:271:19:277:3":120,"b:273:10:273:27:273:31:273:41":70,"b:274:9:274:33:274:37:274:58:274:62:274:71":71,"b:275:12:275:34:275:38:275:67:275:71:275:83":72,"b:279:2:286:3:undefined:undefined:undefined:undefined":73,"s:279:2:286:3":121,"b:280:3:280:32:281:3:281:30:282:3:282:36:283:3:283:30":74,"s:285:3:285:15":122,"s:288:2:288:17":123,"s:289:2:289:18":124,"s:292:1:292:33":125,"b:292:18:292:24:292:27:292:32":75}}}
}
